<?xml version="1.0" encoding="UTF-8"?>
<!-- Generated by org.testng.reporters.JUnitReportReporter -->
<testsuite skipped="0" hostname="Mds-MacBook-Pro.local" name="com.TestVagrant.AppiumPOM.GeneralStore" tests="1" failures="0" timestamp="10 Nov 2019 22:52:02 GMT" time="28.140" errors="0">
  <testcase name="validateTotalCost" time="28.140" classname="com.TestVagrant.AppiumPOM.GeneralStore"/>
</testsuite> <!-- com.TestVagrant.AppiumPOM.GeneralStore -->
