<?xml version="1.0" encoding="UTF-8"?>
<!-- Generated by org.testng.reporters.JUnitReportReporter -->
<testsuite skipped="0" hostname="Mds-MacBook-Pro.local" name="com.TestVagrant.AppiumPOM.TestRun" tests="1" failures="0" timestamp="10 Nov 2019 22:34:49 GMT" time="0.007" errors="0">
  <testcase name="test" time="0.007" classname="com.TestVagrant.AppiumPOM.TestRun"/>
</testsuite> <!-- com.TestVagrant.AppiumPOM.TestRun -->
